import os
from time import sleep
os.system('cls')

# Main
def main():
  while True:
    print(22*"*")
    print("*** KALKULATOR BMI ***")
    print(22*"*")
    
    jenis_kelamin = str(input("Jenis kelamin (L/P) : "))
    # Jika input yang dimasukan user tidak (L/P)
    if jenis_kelamin == "L" or jenis_kelamin == "P":
        pass
        
    elif jenis_kelamin == "l" or jenis_kelamin == "p":
        print("\nGunakan Huruf Kapital, Silahkan ulangi kembali! 😊")
        sleep(3)
        os.system("cls")
        continue
    else:
        print("\nInput yang anda masukkan salah! Silahkan input yang benar.")
        sleep(3)
        os.system("cls")
        continue

    berat_badan = int(input("Berat badan (kg)    : "))
    usia = int(input("Usia                : "))
    tinggi_badan = int(input("Tanggi badan (cm)   : "))

    # Proses BMI
    konversi_meter = tinggi_badan / 100
    hasil_bmi = berat_badan / (konversi_meter**2)

    # Menampilkan hasil BMI
    if hasil_bmi < 18.5:
      print("")
      print (f"BMI anda sekitar {hasil_bmi:.2f}, yang termasuk dalam kategori KURUS")
      sleep(10)
      os.system('cls')
      continue
    
    elif hasil_bmi >= 18.5 and hasil_bmi <= 25 :
      print("")
      print (f"BMI anda sekitar {hasil_bmi:.2f}, yang termasuk dalam kategori NORMAL✨")
      sleep(10)
      os.system('cls')
      continue
    
    elif hasil_bmi >= 25 and hasil_bmi <= 30:
      print("")
      print (f"BMI anda sekitar {hasil_bmi:.2f}, yang termasuk dalam kategori GEMUK")
      sleep(10)
      os.system('cls')
      continue
    
    elif hasil_bmi >= 30:
      print("")
      print (f"BMI anda sekitar {hasil_bmi:.2f}, yang termasuk dalam kategori OBESITAS")
      sleep(10)
      os.system('cls')
      continue
  
if __name__ == '__main__':
  main()

buatkan struktur file dan folder dari kode yang diatas

==========================================
========== DISEMPURNAKAN OLEH AI ========= 
==========================================

Untuk mengorganisir kode di atas dengan struktur file dan folder yang baik, kita bisa memisahkan beberapa bagian ke dalam modul dan file terpisah. Berikut adalah saran struktur file dan folder:

css
Copy code
BMI_Calculator/
├── main.py
├── bmi_calculator/
│   ├── __init__.py
│   ├── calculator.py
│   └── utils.py
└── requirements.txt
Penjelasan Struktur
BMI_Calculator/: Direktori utama proyek.
main.py: File utama untuk menjalankan program.
bmi_calculator/: Subdirektori untuk modul BMI calculator.
init.py: Menandakan bahwa direktori ini adalah sebuah paket Python.
calculator.py: File untuk fungsi utama kalkulator BMI.
utils.py: File untuk fungsi utilitas tambahan seperti membersihkan layar dan menunggu.
Isi File
main.py
python
Copy code
from bmi_calculator.calculator import calculate_bmi
from bmi_calculator.utils import clear_screen, sleep

def main():
    while True:
        print(22 * "*")
        print("*** KALKULATOR BMI ***")
        print(22 * "*")

        jenis_kelamin = input("Jenis kelamin (L/P) : ").strip()
        if jenis_kelamin in ["L", "P"]:
            pass
        elif jenis_kelamin in ["l", "p"]:
            print("\nGunakan Huruf Kapital, Silahkan ulangi kembali! 😊")
            sleep(3)
            clear_screen()
            continue
        else:
            print("\nInput yang anda masukkan salah! Silahkan input yang benar.")
            sleep(3)
            clear_screen()
            continue

        berat_badan = int(input("Berat badan (kg)    : "))
        usia = int(input("Usia                : "))
        tinggi_badan = int(input("Tinggi badan (cm)   : "))

        hasil_bmi = calculate_bmi(berat_badan, tinggi_badan)

        if hasil_bmi < 18.5:
            print(f"\nBMI anda sekitar {hasil_bmi:.2f}, yang termasuk dalam kategori KURUS")
        elif 18.5 <= hasil_bmi <= 25:
            print(f"\nBMI anda sekitar {hasil_bmi:.2f}, yang termasuk dalam kategori NORMAL✨")
        elif 25 < hasil_bmi <= 30:
            print(f"\nBMI anda sekitar {hasil_bmi:.2f}, yang termasuk dalam kategori GEMUK")
        elif hasil_bmi > 30:
            print(f"\nBMI anda sekitar {hasil_bmi:.2f}, yang termasuk dalam kategori OBESITAS")

        sleep(10)
        clear_screen()

if __name__ == '__main__':
    main()
bmi_calculator/init.py
python
Copy code
# File ini bisa dibiarkan kosong
bmi_calculator/calculator.py
python
Copy code
def calculate_bmi(berat_badan, tinggi_badan):
    konversi_meter = tinggi_badan / 100
    hasil_bmi = berat_badan / (konversi_meter**2)
    return hasil_bmi
bmi_calculator/utils.py
python
Copy code
import os
from time import sleep as _sleep

def clear_screen():
    os.system('cls' if os.name == 'nt' else 'clear')

def sleep(seconds):
    _sleep(seconds)
requirements.txt
Jika proyek ini memerlukan pustaka pihak ketiga, daftarkan di sini. Misalnya:

bash
Copy code
# Daftar pustaka yang diperlukan
Cara Menjalankan
Jalankan proyek dengan menjalankan file main.py:

sh
Copy code
python main.py
Dengan struktur ini, kode akan lebih terorganisir dan modular, memudahkan pemeliharaan dan pengembangan di masa depan.